#
# A fatal error has been detected by the Java Runtime Environment:
#
#  EXCEPTION_ACCESS_VIOLATION (0xc0000005) at pc=0x00007ffdbc00f7fb, pid=10592, tid=0x0000000000001e78
#
# JRE version: Java(TM) SE Runtime Environment (8.0_111-b14) (build 1.8.0_111-b14)
# Java VM: Java HotSpot(TM) 64-Bit Server VM (25.111-b14 mixed mode windows-amd64 compressed oops)
# Problematic frame:
# C  [ntdll.dll+0x2f7fb]
#
# Failed to write core dump. Minidumps are not enabled by default on client versions of Windows
#
# If you would like to submit a bug report, please visit:
#   http://bugreport.java.com/bugreport/crash.jsp
# The crash happened outside the Java Virtual Machine in native code.
# See problematic frame for where to report the bug.
#

---------------  T H R E A D  ---------------

Current thread (0x0000000017602000):  JavaThread "Thread-4" [_thread_in_native, id=7800, stack(0x000000001bec0000,0x000000001bfc0000)]

siginfo: ExceptionCode=0xc0000005, writing address 0x0000000000000024

Registers:
RAX=0x0000000000000000, RBX=0x0000000019f236c8, RCX=0x0000000019f236c8, RDX=0xffffffffffffffff
RSP=0x000000001bfbee30, RBP=0x0000000000866000, RSI=0x0000000000000000, RDI=0x0000000000000000
R8 =0x0000000000000000, R9 =0x0000000000000000, R10=0x0000000002b48a4b, R11=0x000000005b94b580
R12=0x0000000000000000, R13=0x000000001528bdb8, R14=0x0000000000000001, R15=0x0000000000000000
RIP=0x00007ffdbc00f7fb, EFLAGS=0x0000000000010213

Top of Stack: (sp=0x000000001bfbee30)
0x000000001bfbee30:   ffffffffffffffff 0000000019f236c8
0x000000001bfbee40:   0000000000000048 0000000000000001
0x000000001bfbee50:   0000000000000000 0000000000000000
0x000000001bfbee60:   0000000000000000 00000000fffffffe
0x000000001bfbee70:   0000000000866000 000000005b93d2e2
0x000000001bfbee80:   0000000000000000 000000001bfbf0e0
0x000000001bfbee90:   000000001bfbf150 000000005b936a9d
0x000000001bfbeea0:   0000000000000001 000000005b921dc6
0x000000001bfbeeb0:   0000a21c6c95492c 000000005b93c821
0x000000001bfbeec0:   0000000017602000 0000000000000001
0x000000001bfbeed0:   000000001528bdb8 0000000000000000
0x000000001bfbeee0:   0000000019f236c8 0000000000000000
0x000000001bfbeef0:   0000000000000001 00007ffdbc010d04
0x000000001bfbef00:   0000000000000bad 0000000000000bad
0x000000001bfbef10:   0000000000000016 0000000000000001
0x000000001bfbef20:   000000001bfbf0b8 00007ffdbc010c30 

Instructions: (pc=0x00007ffdbc00f7fb)
0x00007ffdbc00f7db:   48 39 7b 18 0f 84 c0 00 00 00 48 83 3b ff 0f 84
0x00007ffdbc00f7eb:   c3 00 00 00 48 8b 03 44 8b e7 48 83 f8 ff 74 03
0x00007ffdbc00f7fb:   ff 40 24 4c 8b 6b 18 4c 8d 35 5f dd 11 00 33 ed
0x00007ffdbc00f80b:   b8 82 03 fe 7f 8a 08 84 c9 0f 85 4e c2 08 00 49 


Register to memory mapping:

RAX=0x0000000000000000 is an unknown value
RBX=0x0000000019f236c8 is an unknown value
RCX=0x0000000019f236c8 is an unknown value
RDX=0xffffffffffffffff is an unknown value
RSP=0x000000001bfbee30 is pointing into the stack for thread: 0x0000000017602000
RBP=0x0000000000866000 is an unknown value
RSI=0x0000000000000000 is an unknown value
RDI=0x0000000000000000 is an unknown value
R8 =0x0000000000000000 is an unknown value
R9 =0x0000000000000000 is an unknown value
R10=0x0000000002b48a4b is at code_begin+1227 in an Interpreter codelet
method entry point (kind = native_synchronized)  [0x0000000002b48580, 0x0000000002b49060]  2784 bytes
R11=0x000000005b94b580 is an unknown value
R12=0x0000000000000000 is an unknown value
R13={method} {0x000000001528bdc0} 'column_name' '(JI)Ljava/lang/String;' in 'org/sqlite/core/NativeDB'
R14=0x0000000000000001 is an unknown value
R15=0x0000000000000000 is an unknown value


Stack: [0x000000001bec0000,0x000000001bfc0000],  sp=0x000000001bfbee30,  free space=1019k
Native frames: (J=compiled Java code, j=interpreted, Vv=VM code, C=native code)
C  [ntdll.dll+0x2f7fb]
C  [ntdll.dll+0x30d04]
C  [ntdll.dll+0x30c30]
C  [sqlite-3.8.11.2-d1f0f13d-c225-4fc3-a39c-cfa89b6cf70b-sqlitejdbc.dll+0x59b7]
C  [sqlite-3.8.11.2-d1f0f13d-c225-4fc3-a39c-cfa89b6cf70b-sqlitejdbc.dll+0x2343]
C  0x0000000002b48a77

Java frames: (J=compiled Java code, j=interpreted, Vv=VM code)
j  org.sqlite.core.NativeDB.column_name(JI)Ljava/lang/String;+0
j  org.sqlite.core.DB.column_names(J)[Ljava/lang/String;+26
j  org.sqlite.core.CorePreparedStatement.<init>(Lorg/sqlite/SQLiteConnection;Ljava/lang/String;)V+30
j  org.sqlite.jdbc3.JDBC3PreparedStatement.<init>(Lorg/sqlite/SQLiteConnection;Ljava/lang/String;)V+3
j  org.sqlite.jdbc4.JDBC4PreparedStatement.<init>(Lorg/sqlite/SQLiteConnection;Ljava/lang/String;)V+3
j  org.sqlite.jdbc4.JDBC4Connection.prepareStatement(Ljava/lang/String;III)Ljava/sql/PreparedStatement;+21
j  org.sqlite.jdbc3.JDBC3Connection.prepareStatement(Ljava/lang/String;II)Ljava/sql/PreparedStatement;+5
j  org.sqlite.jdbc3.JDBC3Connection.prepareStatement(Ljava/lang/String;)Ljava/sql/PreparedStatement;+8
j  MainPackage.DataBase.getCustomersOfUser(Ljava/lang/String;)Ljava/util/List;+21
j  MainPackage.DataBase.getAllCatalogNumbers(Ljava/lang/String;)Ljava/util/List;+10
j  MainPackage.DataBase.getAllProductsInit(Ljava/lang/String;)Ljava/util/List;+10
j  MapFrames.MainMapFrame.lambda$0(Ljava/awt/event/ActionEvent;)V+873
j  MapFrames.MainMapFrame$$Lambda$11.run()V+8
j  java.lang.Thread.run()V+11
v  ~StubRoutines::call_stub

---------------  P R O C E S S  ---------------

Java Threads: ( => current thread )
=>0x0000000017602000 JavaThread "Thread-4" [_thread_in_native, id=7800, stack(0x000000001bec0000,0x000000001bfc0000)]
  0x0000000018cf2800 JavaThread "Thread-3" [_thread_in_native, id=12004, stack(0x000000001bdc0000,0x000000001bec0000)]
  0x0000000018b4b800 JavaThread "TimerQueue" daemon [_thread_blocked, id=8448, stack(0x000000001a6f0000,0x000000001a7f0000)]
  0x0000000002a2e800 JavaThread "DestroyJavaVM" [_thread_blocked, id=8576, stack(0x0000000002860000,0x0000000002960000)]
  0x00000000186bc800 JavaThread "AWT-EventQueue-0" [_thread_blocked, id=10912, stack(0x00000000192a0000,0x00000000193a0000)]
  0x00000000186b7800 JavaThread "AWT-Windows" daemon [_thread_in_native, id=7220, stack(0x0000000019040000,0x0000000019140000)]
  0x00000000186b4800 JavaThread "AWT-Shutdown" [_thread_blocked, id=11108, stack(0x0000000018f40000,0x0000000019040000)]
  0x00000000186b4000 JavaThread "Java2D Disposer" daemon [_thread_blocked, id=12092, stack(0x0000000018e40000,0x0000000018f40000)]
  0x0000000017565800 JavaThread "Service Thread" daemon [_thread_blocked, id=13168, stack(0x0000000018040000,0x0000000018140000)]
  0x00000000174d1800 JavaThread "C1 CompilerThread3" daemon [_thread_blocked, id=12644, stack(0x0000000017f40000,0x0000000018040000)]
  0x00000000174cb000 JavaThread "C2 CompilerThread2" daemon [_thread_blocked, id=8048, stack(0x0000000017e40000,0x0000000017f40000)]
  0x00000000174c9800 JavaThread "C2 CompilerThread1" daemon [_thread_blocked, id=12156, stack(0x0000000017d40000,0x0000000017e40000)]
  0x00000000174c5800 JavaThread "C2 CompilerThread0" daemon [_thread_blocked, id=12220, stack(0x0000000017c40000,0x0000000017d40000)]
  0x00000000174c4800 JavaThread "Attach Listener" daemon [_thread_blocked, id=6360, stack(0x0000000017b40000,0x0000000017c40000)]
  0x0000000017475800 JavaThread "Signal Dispatcher" daemon [_thread_blocked, id=5676, stack(0x0000000017a40000,0x0000000017b40000)]
  0x0000000017470800 JavaThread "Finalizer" daemon [_thread_blocked, id=9900, stack(0x0000000017850000,0x0000000017950000)]
  0x0000000002b27000 JavaThread "Reference Handler" daemon [_thread_blocked, id=11300, stack(0x0000000017350000,0x0000000017450000)]

Other Threads:
  0x0000000015579800 VMThread [stack: 0x0000000017250000,0x0000000017350000] [id=4340]
  0x00000000175d6000 WatcherThread [stack: 0x0000000018140000,0x0000000018240000] [id=1656]

VM state:not at safepoint (normal execution)

VM Mutex/Monitor currently owned by a thread: None

Heap:
 PSYoungGen      total 18944K, used 12802K [0x00000000eb200000, 0x00000000ec700000, 0x0000000100000000)
  eden space 16384K, 62% used [0x00000000eb200000,0x00000000ebc06b00,0x00000000ec200000)
  from space 2560K, 99% used [0x00000000ec200000,0x00000000ec479d28,0x00000000ec480000)
  to   space 2560K, 0% used [0x00000000ec480000,0x00000000ec480000,0x00000000ec700000)
 ParOldGen       total 44032K, used 1919K [0x00000000c1600000, 0x00000000c4100000, 0x00000000eb200000)
  object space 44032K, 4% used [0x00000000c1600000,0x00000000c17dfd50,0x00000000c4100000)
 Metaspace       used 15747K, capacity 15986K, committed 16128K, reserved 1062912K
  class space    used 1945K, capacity 2038K, committed 2048K, reserved 1048576K

Card table byte_map: [0x0000000011ef0000,0x00000000120f0000] byte_map_base: 0x00000000118e5000

Marking Bits: (ParMarkBitMap*) 0x000000005bf3a6c0
 Begin Bits: [0x0000000012a40000, 0x00000000139e8000)
 End Bits:   [0x00000000139e8000, 0x0000000014990000)

Polling page: 0x00000000010d0000

CodeCache: size=245760Kb used=4930Kb max_used=4941Kb free=240829Kb
 bounds [0x0000000002b30000, 0x0000000003010000, 0x0000000011b30000]
 total_blobs=2137 nmethods=1598 adapters=451
 compilation: enabled

Compilation events (10 events):
Event: 10.793 Thread 0x00000000174d1800 1583       3       java.lang.Integer::stringSize (21 bytes)
Event: 10.794 Thread 0x00000000174d1800 nmethod 1583 0x0000000002ffcfd0 code [0x0000000002ffd140, 0x0000000002ffd350]
Event: 10.794 Thread 0x00000000174d1800 1586       3       java.util.regex.Matcher::groupCount (10 bytes)
Event: 10.794 Thread 0x00000000174d1800 nmethod 1586 0x0000000002ffd450 code [0x0000000002ffd5a0, 0x0000000002ffd6f0]
Event: 10.794 Thread 0x00000000174d1800 1585       3       java.util.regex.Matcher::group (112 bytes)
Event: 10.797 Thread 0x00000000174d1800 nmethod 1585 0x0000000002ffd790 code [0x0000000002ffd9c0, 0x0000000002ffe6e8]
Event: 10.797 Thread 0x00000000174d1800 1582       3       java.util.Hashtable::<init> (9 bytes)
Event: 10.797 Thread 0x00000000174d1800 nmethod 1582 0x0000000002ffec90 code [0x0000000002ffee20, 0x0000000002ffefc8]
Event: 10.797 Thread 0x00000000174d1800 1587       1       sun.util.locale.BaseLocale::getRegion (5 bytes)
Event: 10.798 Thread 0x00000000174d1800 nmethod 1587 0x0000000002fff050 code [0x0000000002fff1a0, 0x0000000002fff2b0]

GC Heap History (2 events):
Event: 6.935 GC heap before
{Heap before GC invocations=1 (full 0):
 PSYoungGen      total 18944K, used 16384K [0x00000000eb200000, 0x00000000ec700000, 0x0000000100000000)
  eden space 16384K, 100% used [0x00000000eb200000,0x00000000ec200000,0x00000000ec200000)
  from space 2560K, 0% used [0x00000000ec480000,0x00000000ec480000,0x00000000ec700000)
  to   space 2560K, 0% used [0x00000000ec200000,0x00000000ec200000,0x00000000ec480000)
 ParOldGen       total 44032K, used 0K [0x00000000c1600000, 0x00000000c4100000, 0x00000000eb200000)
  object space 44032K, 0% used [0x00000000c1600000,0x00000000c1600000,0x00000000c4100000)
 Metaspace       used 14742K, capacity 14956K, committed 15360K, reserved 1062912K
  class space    used 1850K, capacity 1935K, committed 2048K, reserved 1048576K
Event: 6.942 GC heap after
Heap after GC invocations=1 (full 0):
 PSYoungGen      total 18944K, used 2535K [0x00000000eb200000, 0x00000000ec700000, 0x0000000100000000)
  eden space 16384K, 0% used [0x00000000eb200000,0x00000000eb200000,0x00000000ec200000)
  from space 2560K, 99% used [0x00000000ec200000,0x00000000ec479d28,0x00000000ec480000)
  to   space 2560K, 0% used [0x00000000ec480000,0x00000000ec480000,0x00000000ec700000)
 ParOldGen       total 44032K, used 1919K [0x00000000c1600000, 0x00000000c4100000, 0x00000000eb200000)
  object space 44032K, 4% used [0x00000000c1600000,0x00000000c17dfd50,0x00000000c4100000)
 Metaspace       used 14742K, capacity 14956K, committed 15360K, reserved 1062912K
  class space    used 1850K, capacity 1935K, committed 2048K, reserved 1048576K
}

Deoptimization events (10 events):
Event: 6.578 Thread 0x00000000186bc800 Uncommon trap: reason=bimorphic action=maybe_recompile pc=0x0000000002e1c8e8 method=java.util.HashMap.putVal(ILjava/lang/Object;Ljava/lang/Object;ZZ)Ljava/lang/Object; @ 91
Event: 6.578 Thread 0x00000000186bc800 Uncommon trap: reason=bimorphic action=maybe_recompile pc=0x0000000002e1c8e8 method=java.util.HashMap.putVal(ILjava/lang/Object;Ljava/lang/Object;ZZ)Ljava/lang/Object; @ 91
Event: 6.578 Thread 0x00000000186bc800 Uncommon trap: reason=bimorphic action=maybe_recompile pc=0x0000000002e1c8e8 method=java.util.HashMap.putVal(ILjava/lang/Object;Ljava/lang/Object;ZZ)Ljava/lang/Object; @ 91
Event: 6.810 Thread 0x00000000186bc800 Uncommon trap: reason=bimorphic action=maybe_recompile pc=0x0000000002e4f890 method=java.util.regex.Pattern$BmpCharProperty.match(Ljava/util/regex/Matcher;ILjava/lang/CharSequence;)Z @ 31
Event: 6.810 Thread 0x00000000186bc800 Uncommon trap: reason=unstable_if action=reinterpret pc=0x0000000002e4f84c method=java.util.regex.Pattern$BmpCharProperty.match(Ljava/util/regex/Matcher;ILjava/lang/CharSequence;)Z @ 5
Event: 7.040 Thread 0x00000000186bc800 Uncommon trap: reason=class_check action=maybe_recompile pc=0x0000000002e7704c method=java.util.regex.Pattern$Curly.match(Ljava/util/regex/Matcher;ILjava/lang/CharSequence;)Z @ 19
Event: 7.040 Thread 0x00000000186bc800 Uncommon trap: reason=class_check action=maybe_recompile pc=0x0000000002e7704c method=java.util.regex.Pattern$Curly.match(Ljava/util/regex/Matcher;ILjava/lang/CharSequence;)Z @ 19
Event: 7.040 Thread 0x00000000186bc800 Uncommon trap: reason=class_check action=maybe_recompile pc=0x0000000002e7704c method=java.util.regex.Pattern$Curly.match(Ljava/util/regex/Matcher;ILjava/lang/CharSequence;)Z @ 19
Event: 7.685 Thread 0x00000000186bc800 Uncommon trap: reason=unstable_if action=reinterpret pc=0x0000000002e430f4 method=java.lang.CharacterDataLatin1.digit(II)I @ 60
Event: 7.685 Thread 0x00000000186bc800 Uncommon trap: reason=unstable_if action=reinterpret pc=0x0000000002e459b0 method=java.lang.CharacterDataLatin1.digit(II)I @ 60

Internal exceptions (10 events):
Event: 0.651 Thread 0x0000000002a2e800 Exception <a 'java/security/PrivilegedActionException'> (0x00000000eb3056f0) thrown at [C:\re\workspace\8-2-build-windows-amd64-cygwin\jdk8u111\7883\hotspot\src\share\vm\prims\jvm.cpp, line 1386]
Event: 0.651 Thread 0x0000000002a2e800 Exception <a 'java/security/PrivilegedActionException'> (0x00000000eb305900) thrown at [C:\re\workspace\8-2-build-windows-amd64-cygwin\jdk8u111\7883\hotspot\src\share\vm\prims\jvm.cpp, line 1386]
Event: 0.654 Thread 0x0000000002a2e800 Exception <a 'java/security/PrivilegedActionException'> (0x00000000eb309548) thrown at [C:\re\workspace\8-2-build-windows-amd64-cygwin\jdk8u111\7883\hotspot\src\share\vm\prims\jvm.cpp, line 1386]
Event: 0.654 Thread 0x0000000002a2e800 Exception <a 'java/security/PrivilegedActionException'> (0x00000000eb309758) thrown at [C:\re\workspace\8-2-build-windows-amd64-cygwin\jdk8u111\7883\hotspot\src\share\vm\prims\jvm.cpp, line 1386]
Event: 0.675 Thread 0x0000000002a2e800 Exception <a 'java/io/FileNotFoundException'> (0x00000000eb30bdb0) thrown at [C:\re\workspace\8-2-build-windows-amd64-cygwin\jdk8u111\7883\hotspot\src\share\vm\prims\jni.cpp, line 709]
Event: 0.824 Thread 0x0000000002a2e800 Exception <a 'java/lang/NoSuchFieldError': method resolution failed> (0x00000000eb3d97f8) thrown at [C:\re\workspace\8-2-build-windows-amd64-cygwin\jdk8u111\7883\hotspot\src\share\vm\prims\methodHandles.cpp, line 1146]
Event: 0.830 Thread 0x0000000002a2e800 Exception <a 'java/lang/NoSuchFieldError': method resolution failed> (0x00000000eb3e6bc8) thrown at [C:\re\workspace\8-2-build-windows-amd64-cygwin\jdk8u111\7883\hotspot\src\share\vm\prims\methodHandles.cpp, line 1146]
Event: 1.094 Thread 0x00000000186bc800 Exception <a 'java/io/FileNotFoundException'> (0x00000000eb509150) thrown at [C:\re\workspace\8-2-build-windows-amd64-cygwin\jdk8u111\7883\hotspot\src\share\vm\prims\jni.cpp, line 709]
Event: 7.080 Thread 0x00000000186bc800 Exception <a 'java/io/FileNotFoundException'> (0x00000000eb722110) thrown at [C:\re\workspace\8-2-build-windows-amd64-cygwin\jdk8u111\7883\hotspot\src\share\vm\prims\jni.cpp, line 709]
Event: 7.081 Thread 0x00000000186bc800 Exception <a 'java/security/PrivilegedActionException'> (0x00000000eb7228e8) thrown at [C:\re\workspace\8-2-build-windows-amd64-cygwin\jdk8u111\7883\hotspot\src\share\vm\prims\jvm.cpp, line 1386]

Events (10 events):
Event: 7.792 Executing VM operation: RevokeBias
Event: 7.792 Executing VM operation: RevokeBias done
Event: 7.792 Executing VM operation: RevokeBias
Event: 7.792 Executing VM operation: RevokeBias done
Event: 10.786 loading class MapFrames/MainMapFrame
Event: 10.786 loading class MapFrames/MainMapFrame done
Event: 10.788 Thread 0x0000000018cf2800 Thread added: 0x0000000018cf2800
Event: 10.789 Thread 0x0000000017602000 Thread added: 0x0000000017602000
Event: 10.799 Executing VM operation: RevokeBias
Event: 10.799 Executing VM operation: RevokeBias done


Dynamic libraries:
0x00007ff6ca320000 - 0x00007ff6ca357000 	C:\Program Files\Java\jre1.8.0_111\bin\javaw.exe
0x00007ffdbbfe0000 - 0x00007ffdbc1b2000 	C:\Windows\SYSTEM32\ntdll.dll
0x00007ffdbb850000 - 0x00007ffdbb8fc000 	C:\Windows\System32\KERNEL32.DLL
0x00007ffdb84e0000 - 0x00007ffdb86fd000 	C:\Windows\System32\KERNELBASE.dll
0x00007ffdbbf30000 - 0x00007ffdbbfd2000 	C:\Windows\System32\ADVAPI32.dll
0x00007ffdbbe90000 - 0x00007ffdbbf2e000 	C:\Windows\System32\msvcrt.dll
0x00007ffdb9900000 - 0x00007ffdb9959000 	C:\Windows\System32\sechost.dll
0x00007ffdb9960000 - 0x00007ffdb9a81000 	C:\Windows\System32\RPCRT4.dll
0x00007ffdb9a90000 - 0x00007ffdb9bf5000 	C:\Windows\System32\USER32.dll
0x00007ffdb88c0000 - 0x00007ffdb88de000 	C:\Windows\System32\win32u.dll
0x00007ffdbbc80000 - 0x00007ffdbbcb4000 	C:\Windows\System32\GDI32.dll
0x00007ffdb89e0000 - 0x00007ffdb8b60000 	C:\Windows\System32\gdi32full.dll
0x00007ffda7700000 - 0x00007ffda797a000 	C:\Windows\WinSxS\amd64_microsoft.windows.common-controls_6595b64144ccf1df_6.0.14393.953_none_42151e83c686086b\COMCTL32.dll
0x00007ffdb9570000 - 0x00007ffdb9838000 	C:\Windows\System32\combase.dll
0x00007ffdb9470000 - 0x00007ffdb9565000 	C:\Windows\System32\ucrtbase.dll
0x00007ffdb8700000 - 0x00007ffdb876a000 	C:\Windows\System32\bcryptPrimitives.dll
0x00007ffdbb810000 - 0x00007ffdbb83e000 	C:\Windows\System32\IMM32.DLL
0x000000005b5d0000 - 0x000000005b6a2000 	C:\Program Files\Java\jre1.8.0_111\bin\msvcr100.dll
0x000000005b720000 - 0x000000005bfba000 	C:\Program Files\Java\jre1.8.0_111\bin\server\jvm.dll
0x00007ffdbb840000 - 0x00007ffdbb848000 	C:\Windows\System32\PSAPI.DLL
0x00007ffdab610000 - 0x00007ffdab619000 	C:\Windows\SYSTEM32\WSOCK32.dll
0x00007ffdaf280000 - 0x00007ffdaf2a3000 	C:\Windows\SYSTEM32\WINMM.dll
0x00007ffdb4ad0000 - 0x00007ffdb4ada000 	C:\Windows\SYSTEM32\VERSION.dll
0x00007ffdbb960000 - 0x00007ffdbb9ca000 	C:\Windows\System32\ws2_32.DLL
0x00007ffdaf220000 - 0x00007ffdaf24b000 	C:\Windows\SYSTEM32\WINMMBASE.dll
0x00007ffdb8990000 - 0x00007ffdb89d2000 	C:\Windows\System32\cfgmgr32.dll
0x000000005c7c0000 - 0x000000005c7cf000 	C:\Program Files\Java\jre1.8.0_111\bin\verify.dll
0x000000005b6f0000 - 0x000000005b719000 	C:\Program Files\Java\jre1.8.0_111\bin\java.dll
0x000000005c0d0000 - 0x000000005c0e6000 	C:\Program Files\Java\jre1.8.0_111\bin\zip.dll
0x00007ffdb9c10000 - 0x00007ffdbb119000 	C:\Windows\System32\SHELL32.dll
0x00007ffdb8b60000 - 0x00007ffdb9239000 	C:\Windows\System32\windows.storage.dll
0x00007ffdb8450000 - 0x00007ffdb849c000 	C:\Windows\System32\powrprof.dll
0x00007ffdb98a0000 - 0x00007ffdb98f2000 	C:\Windows\System32\shlwapi.dll
0x00007ffdb84a0000 - 0x00007ffdb84af000 	C:\Windows\System32\kernel.appcore.dll
0x00007ffdb8770000 - 0x00007ffdb8819000 	C:\Windows\System32\shcore.dll
0x00007ffdb84c0000 - 0x00007ffdb84d4000 	C:\Windows\System32\profapi.dll
0x000000005b430000 - 0x000000005b5c8000 	C:\Program Files\Java\jre1.8.0_111\bin\awt.dll
0x00007ffdbb280000 - 0x00007ffdbb33f000 	C:\Windows\System32\OLEAUT32.dll
0x00007ffdb8820000 - 0x00007ffdb88bc000 	C:\Windows\System32\msvcp_win.dll
0x00007ffdb69a0000 - 0x00007ffdb6a1a000 	C:\Windows\SYSTEM32\apphelp.dll
0x00007ffdb6c70000 - 0x00007ffdb6d05000 	C:\Windows\system32\uxtheme.dll
0x00007ffdbbcc0000 - 0x00007ffdbbe1a000 	C:\Windows\System32\MSCTF.dll
0x00007ffdb6170000 - 0x00007ffdb6196000 	C:\Windows\system32\dwmapi.dll
0x00007ffdbb120000 - 0x00007ffdbb258000 	C:\Windows\System32\ole32.dll
0x00007ffdb7ec0000 - 0x00007ffdb7ed7000 	C:\Windows\SYSTEM32\CRYPTSP.dll
0x00007ffdb7920000 - 0x00007ffdb7953000 	C:\Windows\system32\rsaenh.dll
0x00007ffdb8390000 - 0x00007ffdb83bb000 	C:\Windows\SYSTEM32\bcrypt.dll
0x00007ffdb7ba0000 - 0x00007ffdb7bbf000 	C:\Windows\SYSTEM32\USERENV.dll
0x00007ffdb7ee0000 - 0x00007ffdb7eeb000 	C:\Windows\SYSTEM32\CRYPTBASE.dll
0x000000005b6d0000 - 0x000000005b6ea000 	C:\Program Files\Java\jre1.8.0_111\bin\net.dll
0x00007ffdb7d20000 - 0x00007ffdb7d7c000 	C:\Windows\system32\mswsock.dll
0x00007ffdb7aa0000 - 0x00007ffdb7ad8000 	C:\Windows\SYSTEM32\IPHLPAPI.DLL
0x00007ffdbbb70000 - 0x00007ffdbbb78000 	C:\Windows\System32\NSI.dll
0x00007ffdb1e40000 - 0x00007ffdb1e56000 	C:\Windows\SYSTEM32\dhcpcsvc6.DLL
0x00007ffdb2140000 - 0x00007ffdb215a000 	C:\Windows\SYSTEM32\dhcpcsvc.DLL
0x000000005b6b0000 - 0x000000005b6c1000 	C:\Program Files\Java\jre1.8.0_111\bin\nio.dll
0x000000006d580000 - 0x000000006d63d000 	C:\Users\naordalal\AppData\Local\Temp\sqlite-3.8.11.2-d1f0f13d-c225-4fc3-a39c-cfa89b6cf70b-sqlitejdbc.dll
0x000000005c0f0000 - 0x000000005c137000 	C:\Program Files\Java\jre1.8.0_111\bin\fontmanager.dll
0x000000005b370000 - 0x000000005b3b2000 	C:\Program Files\Java\jre1.8.0_111\bin\t2k.dll
0x00007ffdbb770000 - 0x00007ffdbb80f000 	C:\Windows\System32\clbcatq.dll
0x00007ffdb5f40000 - 0x00007ffdb60e8000 	C:\Windows\SYSTEM32\WindowsCodecs.dll
0x00007ffd95df0000 - 0x00007ffd95e39000 	C:\Windows\system32\dataexchange.dll
0x00007ffdb59d0000 - 0x00007ffdb5c86000 	C:\Windows\system32\d3d11.dll
0x00007ffdb6610000 - 0x00007ffdb6761000 	C:\Windows\system32\dcomp.dll
0x00007ffdb74f0000 - 0x00007ffdb758f000 	C:\Windows\system32\dxgi.dll
0x00007ffdb7010000 - 0x00007ffdb712c000 	C:\Windows\system32\twinapi.appcore.dll
0x000000005c150000 - 0x000000005c174000 	C:\Program Files\Java\jre1.8.0_111\bin\sunec.dll
0x00007ffda9010000 - 0x00007ffda91a2000 	C:\Windows\SYSTEM32\dbghelp.dll

VM Arguments:
jvm_args: -Dfile.encoding=UTF-8 
java_command: Frames.LoginFrame
java_class_path (initial): C:\Users\naordalal\git\MaterialAnalysis\MaterialAnalysis\target\classes;C:\Users\naordalal\git\MaterialAnalysis\MaterialAnalysis\resources\activation.jar;C:\Users\naordalal\git\MaterialAnalysis\MaterialAnalysis\resources\mail.jar;C:\Users\naordalal\.m2\repository\org\apache\poi\poi\3.11-beta2\poi-3.11-beta2.jar;C:\Users\naordalal\.m2\repository\commons-codec\commons-codec\1.9\commons-codec-1.9.jar;C:\Users\naordalal\.m2\repository\com\toedter\jcalendar\1.4\jcalendar-1.4.jar;C:\Users\naordalal\.m2\repository\org\apache\poi\poi-ooxml\3.11-beta2\poi-ooxml-3.11-beta2.jar;C:\Users\naordalal\.m2\repository\org\apache\poi\poi-ooxml-schemas\3.11-beta2\poi-ooxml-schemas-3.11-beta2.jar;C:\Users\naordalal\.m2\repository\org\apache\xmlbeans\xmlbeans\2.6.0\xmlbeans-2.6.0.jar;C:\Users\naordalal\.m2\repository\stax\stax-api\1.0.1\stax-api-1.0.1.jar;C:\Users\naordalal\.m2\repository\org\xerial\sqlite-jdbc\3.8.11.2\sqlite-jdbc-3.8.11.2.jar;C:\Users\naordalal\.m2\repository\org\apache\commons\commons-lang3\3.5\commons-lang3-3.5.jar;C:\Users\naordalal\.m2\repository\commons-io\commons-io\2.5\commons-io-2.5.jar;C:\Users\naordalal\.m2\repository\com\google\guava\guava\22.0\guava-22.0.jar;C:\Users\naordalal\.m2\repository\com\google\code\findbugs\jsr305\1.3.9\jsr305-1.3.9.jar;C:\Users\naordalal\.m2\repository\com\google\errorprone\error_prone_annotations\2.0.18\error_prone_annotations-2.0.18.jar;C:\Users\naordalal\.m2\repository\com\google\j2objc\j2objc-annotations\1.1\j2objc-annotations-1.1.jar;C:\Users\naordalal\.m2\repository\org\codehaus\mojo\animal-sniffer-annotations\1.14\animal-sniffer-annotations-1.14.jar;C:\Users\naordalal\.m2\repository\commons-collections\commons-collections\3.2.1\commons-collections-3.2.1.jar;C:\Users\naordalal\.m2\repository\com\seaglasslookandfeel\seaglasslookandfeel\0.2.1\seaglasslookandfeel-0.2.1.jar
Launcher Type: SUN_STANDARD

Environment Variables:
PATH=C:/Program Files/Java/jre1.8.0_111/bin/server;C:/Program Files/Java/jre1.8.0_111/bin;C:/Program Files/Java/jre1.8.0_111/lib/amd64;C:\ProgramData\Oracle\Java\javapath;C:\Windows\system32;C:\Windows;C:\Windows\System32\Wbem;C:\Windows\System32\WindowsPowerShell\v1.0\;C:\Program Files\Java\jdk1.8.0_111\bin;C:\Windows\system32\config\systemprofile\.dnx\bin;C:\Program Files\Microsoft DNX\Dnvm\;C:\Program Files\Microsoft SQL Server\130\Tools\Binn\;C:\Program Files (x86)\Microsoft SQL Server\130\Tools\Binn\;C:\Program Files (x86)\Microsoft SQL Server\130\DTS\Binn\;C:\Program Files\Microsoft SQL Server\130\DTS\Binn\;C:\Program Files\Microsoft SQL Server\Client SDK\ODBC\130\Tools\Binn\;C:\Program Files (x86)\Microsoft SQL Server\Client SDK\ODBC\130\Tools\Binn\;C:\Program Files (x86)\Microsoft SQL Server\130\Tools\Binn\ManagementStudio\;C:\Program Files (x86)\scala\bin;C:\Program Files\Git\cmd;C:\Program Files\Intel\WiFi\bin\;C:\Program Files\Common Files\Intel\WirelessCommon\;D:\BackUpNaorComputer\NaorComputer\Computers\MATLAB\MATLAB Production Server\R2015a\runtime\win64;D:\BackUpNaorComputer\NaorComputer\Computers\MATLAB\MATLAB Production Server\R2015a\bin;D:\BackUpNaorComputer\NaorComputer\Computers\MATLAB\MATLAB Production Server\R2015a\polyspace\bin;C:\Program Files\Microsoft\Web Platform Installer\;C:\Python27;C:\Program Files\nodejs;C:\Program Files\dotnet\;C:\Users\naordalal\AppData\Local\Programs\Python\Python35\Scripts\;C:\Users\naordalal\AppData\Local\Programs\Python\Python35\;C:\Users\naordalal\AppData\Local\Microsoft\WindowsApps;C:\Program Files\Java\jdk1.8.0_111\bin;C:\Program Files\Intel\WiFi\bin\;C:\Program Files\Common Files\Intel\WirelessCommon\;C:\Program Files\MongoDB\Server\3.4\bin;C:\Users\naordalal\AppData\Roaming\npm;C:\Users\naordalal\AppData\Local\Google\Cloud SDK\google-cloud-sdk\bin;C:\Program Files (x86)\Microsoft VS Code\bin;C:\Users\naordalal\Desktop;
USERNAME=naordalal
OS=Windows_NT
PROCESSOR_IDENTIFIER=Intel64 Family 6 Model 42 Stepping 7, GenuineIntel



---------------  S Y S T E M  ---------------

OS: Windows 10.0 , 64 bit Build 14393 (10.0.14393.2189)

CPU:total 8 (4 cores per cpu, 2 threads per core) family 6 model 42 stepping 7, cmov, cx8, fxsr, mmx, sse, sse2, sse3, ssse3, sse4.1, sse4.2, popcnt, avx, aes, clmul, ht, tsc, tscinvbit

Memory: 4k page, physical 4098092k(643620k free), swap 8816684k(2065156k free)

vm_info: Java HotSpot(TM) 64-Bit Server VM (25.111-b14) for windows-amd64 JRE (1.8.0_111-b14), built on Sep 22 2016 19:24:05 by "java_re" with MS VC++ 10.0 (VS2010)

time: Thu Jul 19 13:03:23 2018
elapsed time: 10 seconds (0d 0h 0m 10s)

