#
# A fatal error has been detected by the Java Runtime Environment:
#
#  EXCEPTION_ACCESS_VIOLATION (0xc0000005) at pc=0x00007ffdbc00f7fb, pid=14148, tid=0x0000000000003194
#
# JRE version: Java(TM) SE Runtime Environment (8.0_111-b14) (build 1.8.0_111-b14)
# Java VM: Java HotSpot(TM) 64-Bit Server VM (25.111-b14 mixed mode windows-amd64 compressed oops)
# Problematic frame:
# C  [ntdll.dll+0x2f7fb]
#
# Failed to write core dump. Minidumps are not enabled by default on client versions of Windows
#
# If you would like to submit a bug report, please visit:
#   http://bugreport.java.com/bugreport/crash.jsp
# The crash happened outside the Java Virtual Machine in native code.
# See problematic frame for where to report the bug.
#

---------------  T H R E A D  ---------------

Current thread (0x0000000018390800):  JavaThread "Thread-3" [_thread_in_native, id=12692, stack(0x000000001bab0000,0x000000001bbb0000)]

siginfo: ExceptionCode=0xc0000005, writing address 0x0000000000000024

Registers:
RAX=0x0000000000000000, RBX=0x00000000199836c8, RCX=0x00000000199836c8, RDX=0xffffffffffffffff
RSP=0x000000001bbaed10, RBP=0x000000000042a000, RSI=0x0000000000000000, RDI=0x0000000000000000
R8 =0x0000000000000000, R9 =0x0000000000000000, R10=0x00000000026f8a4b, R11=0x000000005b94b580
R12=0x0000000000000000, R13=0x0000000014e3bdb8, R14=0x0000000000000001, R15=0x0000000000000000
RIP=0x00007ffdbc00f7fb, EFLAGS=0x0000000000010213

Top of Stack: (sp=0x000000001bbaed10)
0x000000001bbaed10:   ffffffffffffffff 00000000199836c8
0x000000001bbaed20:   0000000000000048 0000000000000001
0x000000001bbaed30:   0000000000000000 0000000000000000
0x000000001bbaed40:   0000000000000000 00000000fffffffe
0x000000001bbaed50:   000000000042a000 000000005b93d2e2
0x000000001bbaed60:   0000000000000000 ffffffffffffffff
0x000000001bbaed70:   000000001bbaf030 000000005b936a9d
0x000000001bbaed80:   0000000018261100 000000005b921dc6
0x000000001bbaed90:   0000fa9d0c578a85 000000005b93c821
0x000000001bbaeda0:   0000000018390800 0000000000000001
0x000000001bbaedb0:   0000000014e3bdb8 0000000000000000
0x000000001bbaedc0:   00000000199836c8 0000000000000000
0x000000001bbaedd0:   0000000000000001 00007ffdbc010d04
0x000000001bbaede0:   0000000000000bad 0000000000000bad
0x000000001bbaedf0:   0000000000000016 0000000000000001
0x000000001bbaee00:   000000001bbaef98 00007ffdbc010c30 

Instructions: (pc=0x00007ffdbc00f7fb)
0x00007ffdbc00f7db:   48 39 7b 18 0f 84 c0 00 00 00 48 83 3b ff 0f 84
0x00007ffdbc00f7eb:   c3 00 00 00 48 8b 03 44 8b e7 48 83 f8 ff 74 03
0x00007ffdbc00f7fb:   ff 40 24 4c 8b 6b 18 4c 8d 35 5f dd 11 00 33 ed
0x00007ffdbc00f80b:   b8 82 03 fe 7f 8a 08 84 c9 0f 85 4e c2 08 00 49 


Register to memory mapping:

RAX=0x0000000000000000 is an unknown value
RBX=0x00000000199836c8 is an unknown value
RCX=0x00000000199836c8 is an unknown value
RDX=0xffffffffffffffff is an unknown value
RSP=0x000000001bbaed10 is pointing into the stack for thread: 0x0000000018390800
RBP=0x000000000042a000 is an unknown value
RSI=0x0000000000000000 is an unknown value
RDI=0x0000000000000000 is an unknown value
R8 =0x0000000000000000 is an unknown value
R9 =0x0000000000000000 is an unknown value
R10=0x00000000026f8a4b is at code_begin+1227 in an Interpreter codelet
method entry point (kind = native_synchronized)  [0x00000000026f8580, 0x00000000026f9060]  2784 bytes
R11=0x000000005b94b580 is an unknown value
R12=0x0000000000000000 is an unknown value
R13={method} {0x0000000014e3bdc0} 'column_name' '(JI)Ljava/lang/String;' in 'org/sqlite/core/NativeDB'
R14=0x0000000000000001 is an unknown value
R15=0x0000000000000000 is an unknown value


Stack: [0x000000001bab0000,0x000000001bbb0000],  sp=0x000000001bbaed10,  free space=1019k
Native frames: (J=compiled Java code, j=interpreted, Vv=VM code, C=native code)
C  [ntdll.dll+0x2f7fb]
C  [ntdll.dll+0x30d04]
C  [ntdll.dll+0x30c30]
C  [sqlite-3.8.11.2-c12be09a-303c-48a5-b11c-f3b6964d2675-sqlitejdbc.dll+0x59b7]
C  [sqlite-3.8.11.2-c12be09a-303c-48a5-b11c-f3b6964d2675-sqlitejdbc.dll+0x2343]
C  0x00000000026f8a77

Java frames: (J=compiled Java code, j=interpreted, Vv=VM code)
j  org.sqlite.core.NativeDB.column_name(JI)Ljava/lang/String;+0
j  org.sqlite.core.DB.column_names(J)[Ljava/lang/String;+26
j  org.sqlite.jdbc3.JDBC3Statement.getResultSet()Ljava/sql/ResultSet;+62
j  org.sqlite.jdbc3.JDBC3PreparedStatement.executeQuery()Ljava/sql/ResultSet;+61
j  MainPackage.DataBase.getCustomersOfUser(Ljava/lang/String;)Ljava/util/List;+44
j  MainPackage.DataBase.getAllCatalogNumbers(Ljava/lang/String;)Ljava/util/List;+10
j  MainPackage.DataBase.getAllProductsInit(Ljava/lang/String;)Ljava/util/List;+10
j  MapFrames.MainMapFrame.lambda$0(Ljava/awt/event/ActionEvent;)V+873
j  MapFrames.MainMapFrame$$Lambda$11.run()V+8
j  java.lang.Thread.run()V+11
v  ~StubRoutines::call_stub

---------------  P R O C E S S  ---------------

Java Threads: ( => current thread )
  0x000000001a627000 JavaThread "Thread-4" [_thread_in_native, id=3400, stack(0x000000001bbb0000,0x000000001bcb0000)]
=>0x0000000018390800 JavaThread "Thread-3" [_thread_in_native, id=12692, stack(0x000000001bab0000,0x000000001bbb0000)]
  0x00000000186f9800 JavaThread "TimerQueue" daemon [_thread_blocked, id=7540, stack(0x000000001a1e0000,0x000000001a2e0000)]
  0x00000000025ae800 JavaThread "DestroyJavaVM" [_thread_blocked, id=8252, stack(0x0000000002470000,0x0000000002570000)]
  0x0000000018267000 JavaThread "AWT-EventQueue-0" [_thread_blocked, id=8736, stack(0x0000000018e00000,0x0000000018f00000)]
  0x0000000018261800 JavaThread "AWT-Windows" daemon [_thread_in_native, id=2292, stack(0x0000000018bf0000,0x0000000018cf0000)]
  0x000000001825f000 JavaThread "AWT-Shutdown" [_thread_blocked, id=7640, stack(0x0000000018af0000,0x0000000018bf0000)]
  0x000000001825e000 JavaThread "Java2D Disposer" daemon [_thread_blocked, id=3592, stack(0x00000000189f0000,0x0000000018af0000)]
  0x000000001710c000 JavaThread "Service Thread" daemon [_thread_blocked, id=13636, stack(0x0000000017bf0000,0x0000000017cf0000)]
  0x000000001708b000 JavaThread "C1 CompilerThread3" daemon [_thread_blocked, id=3360, stack(0x0000000017af0000,0x0000000017bf0000)]
  0x0000000017081000 JavaThread "C2 CompilerThread2" daemon [_thread_blocked, id=12508, stack(0x00000000179f0000,0x0000000017af0000)]
  0x000000001707c800 JavaThread "C2 CompilerThread1" daemon [_thread_blocked, id=13396, stack(0x00000000178f0000,0x00000000179f0000)]
  0x0000000017079000 JavaThread "C2 CompilerThread0" daemon [_thread_blocked, id=12036, stack(0x00000000177f0000,0x00000000178f0000)]
  0x0000000017077800 JavaThread "Attach Listener" daemon [_thread_blocked, id=14292, stack(0x00000000176f0000,0x00000000177f0000)]
  0x0000000017076800 JavaThread "Signal Dispatcher" daemon [_thread_blocked, id=12128, stack(0x00000000175f0000,0x00000000176f0000)]
  0x00000000026d8800 JavaThread "Finalizer" daemon [_thread_blocked, id=13944, stack(0x0000000017400000,0x0000000017500000)]
  0x00000000026d5000 JavaThread "Reference Handler" daemon [_thread_blocked, id=10984, stack(0x0000000016f00000,0x0000000017000000)]

Other Threads:
  0x0000000015129800 VMThread [stack: 0x0000000016e00000,0x0000000016f00000] [id=8760]
  0x0000000017184000 WatcherThread [stack: 0x0000000017cf0000,0x0000000017df0000] [id=11848]

VM state:not at safepoint (normal execution)

VM Mutex/Monitor currently owned by a thread: None

Heap:
 PSYoungGen      total 18944K, used 12672K [0x00000000eb200000, 0x00000000ec700000, 0x0000000100000000)
  eden space 16384K, 61% used [0x00000000eb200000,0x00000000ebbe2488,0x00000000ec200000)
  from space 2560K, 99% used [0x00000000ec200000,0x00000000ec47dd18,0x00000000ec480000)
  to   space 2560K, 0% used [0x00000000ec480000,0x00000000ec480000,0x00000000ec700000)
 ParOldGen       total 44032K, used 1938K [0x00000000c1600000, 0x00000000c4100000, 0x00000000eb200000)
  object space 44032K, 4% used [0x00000000c1600000,0x00000000c17e4950,0x00000000c4100000)
 Metaspace       used 15739K, capacity 16018K, committed 16256K, reserved 1062912K
  class space    used 1952K, capacity 2070K, committed 2176K, reserved 1048576K

Card table byte_map: [0x0000000011aa0000,0x0000000011ca0000] byte_map_base: 0x0000000011495000

Marking Bits: (ParMarkBitMap*) 0x000000005bf3a6c0
 Begin Bits: [0x00000000125f0000, 0x0000000013598000)
 End Bits:   [0x0000000013598000, 0x0000000014540000)

Polling page: 0x0000000000810000

CodeCache: size=245760Kb used=4830Kb max_used=4830Kb free=240929Kb
 bounds [0x00000000026e0000, 0x0000000002ba0000, 0x00000000116e0000]
 total_blobs=2113 nmethods=1574 adapters=451
 compilation: enabled

Compilation events (10 events):
Event: 6.452 Thread 0x000000001708b000 nmethod 1561 0x0000000002b92890 code [0x0000000002b929e0, 0x0000000002b92b30]
Event: 6.452 Thread 0x000000001708b000 1562       3       java.awt.geom.AffineTransform::equals (92 bytes)
Event: 6.452 Thread 0x000000001707c800 nmethod 1559 0x0000000002b95810 code [0x0000000002b95940, 0x0000000002b959d8]
Event: 6.452 Thread 0x000000001708b000 nmethod 1562 0x0000000002b94fd0 code [0x0000000002b95140, 0x0000000002b95750]
Event: 6.453 Thread 0x000000001708b000 1563       3       java.util.HashMap::remove (26 bytes)
Event: 6.453 Thread 0x000000001708b000 nmethod 1563 0x0000000002b948d0 code [0x0000000002b94a60, 0x0000000002b94e78]
Event: 6.453 Thread 0x000000001708b000 1557       3       java.util.Hashtable::<init> (9 bytes)
Event: 6.453 Thread 0x000000001708b000 nmethod 1557 0x0000000002b94510 code [0x0000000002b946a0, 0x0000000002b94848]
Event: 6.454 Thread 0x000000001708b000 1564       1       sun.util.locale.BaseLocale::getRegion (5 bytes)
Event: 6.454 Thread 0x000000001708b000 nmethod 1564 0x0000000002b94250 code [0x0000000002b943a0, 0x0000000002b944b0]

GC Heap History (2 events):
Event: 3.676 GC heap before
{Heap before GC invocations=1 (full 0):
 PSYoungGen      total 18944K, used 16384K [0x00000000eb200000, 0x00000000ec700000, 0x0000000100000000)
  eden space 16384K, 100% used [0x00000000eb200000,0x00000000ec200000,0x00000000ec200000)
  from space 2560K, 0% used [0x00000000ec480000,0x00000000ec480000,0x00000000ec700000)
  to   space 2560K, 0% used [0x00000000ec200000,0x00000000ec200000,0x00000000ec480000)
 ParOldGen       total 44032K, used 0K [0x00000000c1600000, 0x00000000c4100000, 0x00000000eb200000)
  object space 44032K, 0% used [0x00000000c1600000,0x00000000c1600000,0x00000000c4100000)
 Metaspace       used 14733K, capacity 14956K, committed 15360K, reserved 1062912K
  class space    used 1852K, capacity 1935K, committed 2048K, reserved 1048576K
Event: 3.692 GC heap after
Heap after GC invocations=1 (full 0):
 PSYoungGen      total 18944K, used 2551K [0x00000000eb200000, 0x00000000ec700000, 0x0000000100000000)
  eden space 16384K, 0% used [0x00000000eb200000,0x00000000eb200000,0x00000000ec200000)
  from space 2560K, 99% used [0x00000000ec200000,0x00000000ec47dd18,0x00000000ec480000)
  to   space 2560K, 0% used [0x00000000ec480000,0x00000000ec480000,0x00000000ec700000)
 ParOldGen       total 44032K, used 1938K [0x00000000c1600000, 0x00000000c4100000, 0x00000000eb200000)
  object space 44032K, 4% used [0x00000000c1600000,0x00000000c17e4950,0x00000000c4100000)
 Metaspace       used 14733K, capacity 14956K, committed 15360K, reserved 1062912K
  class space    used 1852K, capacity 1935K, committed 2048K, reserved 1048576K
}

Deoptimization events (10 events):
Event: 2.966 Thread 0x0000000018267000 Uncommon trap: reason=bimorphic action=maybe_recompile pc=0x00000000029c7ee8 method=java.util.HashMap.putVal(ILjava/lang/Object;Ljava/lang/Object;ZZ)Ljava/lang/Object; @ 91
Event: 2.966 Thread 0x0000000018267000 Uncommon trap: reason=bimorphic action=maybe_recompile pc=0x00000000029c7ee8 method=java.util.HashMap.putVal(ILjava/lang/Object;Ljava/lang/Object;ZZ)Ljava/lang/Object; @ 91
Event: 2.966 Thread 0x0000000018267000 Uncommon trap: reason=bimorphic action=maybe_recompile pc=0x00000000029c7ee8 method=java.util.HashMap.putVal(ILjava/lang/Object;Ljava/lang/Object;ZZ)Ljava/lang/Object; @ 91
Event: 3.266 Thread 0x0000000018267000 Uncommon trap: reason=bimorphic action=maybe_recompile pc=0x00000000029ec210 method=java.util.regex.Pattern$BmpCharProperty.match(Ljava/util/regex/Matcher;ILjava/lang/CharSequence;)Z @ 31
Event: 3.266 Thread 0x0000000018267000 Uncommon trap: reason=unstable_if action=reinterpret pc=0x00000000029ec1cc method=java.util.regex.Pattern$BmpCharProperty.match(Ljava/util/regex/Matcher;ILjava/lang/CharSequence;)Z @ 5
Event: 3.972 Thread 0x0000000018267000 Uncommon trap: reason=class_check action=maybe_recompile pc=0x0000000002a2bbcc method=java.util.regex.Pattern$Curly.match(Ljava/util/regex/Matcher;ILjava/lang/CharSequence;)Z @ 19
Event: 3.972 Thread 0x0000000018267000 Uncommon trap: reason=class_check action=maybe_recompile pc=0x0000000002a2bbcc method=java.util.regex.Pattern$Curly.match(Ljava/util/regex/Matcher;ILjava/lang/CharSequence;)Z @ 19
Event: 3.972 Thread 0x0000000018267000 Uncommon trap: reason=class_check action=maybe_recompile pc=0x0000000002a2bbcc method=java.util.regex.Pattern$Curly.match(Ljava/util/regex/Matcher;ILjava/lang/CharSequence;)Z @ 19
Event: 5.004 Thread 0x0000000018267000 Uncommon trap: reason=unstable_if action=reinterpret pc=0x00000000029eb8b4 method=java.lang.CharacterDataLatin1.digit(II)I @ 60
Event: 5.004 Thread 0x0000000018267000 Uncommon trap: reason=unstable_if action=reinterpret pc=0x00000000029e6030 method=java.lang.CharacterDataLatin1.digit(II)I @ 60

Internal exceptions (10 events):
Event: 0.198 Thread 0x00000000025ae800 Exception <a 'java/security/PrivilegedActionException'> (0x00000000eb3056f0) thrown at [C:\re\workspace\8-2-build-windows-amd64-cygwin\jdk8u111\7883\hotspot\src\share\vm\prims\jvm.cpp, line 1386]
Event: 0.198 Thread 0x00000000025ae800 Exception <a 'java/security/PrivilegedActionException'> (0x00000000eb305900) thrown at [C:\re\workspace\8-2-build-windows-amd64-cygwin\jdk8u111\7883\hotspot\src\share\vm\prims\jvm.cpp, line 1386]
Event: 0.199 Thread 0x00000000025ae800 Exception <a 'java/security/PrivilegedActionException'> (0x00000000eb309548) thrown at [C:\re\workspace\8-2-build-windows-amd64-cygwin\jdk8u111\7883\hotspot\src\share\vm\prims\jvm.cpp, line 1386]
Event: 0.199 Thread 0x00000000025ae800 Exception <a 'java/security/PrivilegedActionException'> (0x00000000eb309758) thrown at [C:\re\workspace\8-2-build-windows-amd64-cygwin\jdk8u111\7883\hotspot\src\share\vm\prims\jvm.cpp, line 1386]
Event: 0.206 Thread 0x00000000025ae800 Exception <a 'java/io/FileNotFoundException'> (0x00000000eb30bdb0) thrown at [C:\re\workspace\8-2-build-windows-amd64-cygwin\jdk8u111\7883\hotspot\src\share\vm\prims\jni.cpp, line 709]
Event: 0.251 Thread 0x00000000025ae800 Exception <a 'java/lang/NoSuchFieldError': method resolution failed> (0x00000000eb3d97f8) thrown at [C:\re\workspace\8-2-build-windows-amd64-cygwin\jdk8u111\7883\hotspot\src\share\vm\prims\methodHandles.cpp, line 1146]
Event: 0.253 Thread 0x00000000025ae800 Exception <a 'java/lang/NoSuchFieldError': method resolution failed> (0x00000000eb3e6bc8) thrown at [C:\re\workspace\8-2-build-windows-amd64-cygwin\jdk8u111\7883\hotspot\src\share\vm\prims\methodHandles.cpp, line 1146]
Event: 0.337 Thread 0x0000000018267000 Exception <a 'java/io/FileNotFoundException'> (0x00000000eb509150) thrown at [C:\re\workspace\8-2-build-windows-amd64-cygwin\jdk8u111\7883\hotspot\src\share\vm\prims\jni.cpp, line 709]
Event: 4.087 Thread 0x0000000018267000 Exception <a 'java/io/FileNotFoundException'> (0x00000000eb723678) thrown at [C:\re\workspace\8-2-build-windows-amd64-cygwin\jdk8u111\7883\hotspot\src\share\vm\prims\jni.cpp, line 709]
Event: 4.087 Thread 0x0000000018267000 Exception <a 'java/security/PrivilegedActionException'> (0x00000000eb723e50) thrown at [C:\re\workspace\8-2-build-windows-amd64-cygwin\jdk8u111\7883\hotspot\src\share\vm\prims\jvm.cpp, line 1386]

Events (10 events):
Event: 5.313 Executing VM operation: RevokeBias done
Event: 5.314 Executing VM operation: RevokeBias
Event: 5.314 Executing VM operation: RevokeBias done
Event: 5.491 Thread 0x00000000182ab800 Thread exited: 0x00000000182ab800
Event: 6.449 loading class MapFrames/MainMapFrame
Event: 6.449 loading class MapFrames/MainMapFrame done
Event: 6.450 Thread 0x0000000018390800 Thread added: 0x0000000018390800
Event: 6.450 Thread 0x000000001a627000 Thread added: 0x000000001a627000
Event: 6.454 Executing VM operation: RevokeBias
Event: 6.454 Executing VM operation: RevokeBias done


Dynamic libraries:
0x00007ff6ca320000 - 0x00007ff6ca357000 	C:\Program Files\Java\jre1.8.0_111\bin\javaw.exe
0x00007ffdbbfe0000 - 0x00007ffdbc1b2000 	C:\Windows\SYSTEM32\ntdll.dll
0x00007ffdbb850000 - 0x00007ffdbb8fc000 	C:\Windows\System32\KERNEL32.DLL
0x00007ffdb84e0000 - 0x00007ffdb86fd000 	C:\Windows\System32\KERNELBASE.dll
0x00007ffdbbf30000 - 0x00007ffdbbfd2000 	C:\Windows\System32\ADVAPI32.dll
0x00007ffdbbe90000 - 0x00007ffdbbf2e000 	C:\Windows\System32\msvcrt.dll
0x00007ffdb9900000 - 0x00007ffdb9959000 	C:\Windows\System32\sechost.dll
0x00007ffdb9960000 - 0x00007ffdb9a81000 	C:\Windows\System32\RPCRT4.dll
0x00007ffdb9a90000 - 0x00007ffdb9bf5000 	C:\Windows\System32\USER32.dll
0x00007ffdb88c0000 - 0x00007ffdb88de000 	C:\Windows\System32\win32u.dll
0x00007ffdbbc80000 - 0x00007ffdbbcb4000 	C:\Windows\System32\GDI32.dll
0x00007ffdb89e0000 - 0x00007ffdb8b60000 	C:\Windows\System32\gdi32full.dll
0x00007ffda7700000 - 0x00007ffda797a000 	C:\Windows\WinSxS\amd64_microsoft.windows.common-controls_6595b64144ccf1df_6.0.14393.953_none_42151e83c686086b\COMCTL32.dll
0x00007ffdb9570000 - 0x00007ffdb9838000 	C:\Windows\System32\combase.dll
0x00007ffdb9470000 - 0x00007ffdb9565000 	C:\Windows\System32\ucrtbase.dll
0x00007ffdb8700000 - 0x00007ffdb876a000 	C:\Windows\System32\bcryptPrimitives.dll
0x00007ffdbb810000 - 0x00007ffdbb83e000 	C:\Windows\System32\IMM32.DLL
0x000000005b5d0000 - 0x000000005b6a2000 	C:\Program Files\Java\jre1.8.0_111\bin\msvcr100.dll
0x000000005b720000 - 0x000000005bfba000 	C:\Program Files\Java\jre1.8.0_111\bin\server\jvm.dll
0x00007ffdbb840000 - 0x00007ffdbb848000 	C:\Windows\System32\PSAPI.DLL
0x00007ffdaf280000 - 0x00007ffdaf2a3000 	C:\Windows\SYSTEM32\WINMM.dll
0x00007ffdab610000 - 0x00007ffdab619000 	C:\Windows\SYSTEM32\WSOCK32.dll
0x00007ffdb4ad0000 - 0x00007ffdb4ada000 	C:\Windows\SYSTEM32\VERSION.dll
0x00007ffdbb960000 - 0x00007ffdbb9ca000 	C:\Windows\System32\WS2_32.dll
0x0000000000c50000 - 0x0000000000c7b000 	C:\Windows\SYSTEM32\WINMMBASE.dll
0x00007ffdb8990000 - 0x00007ffdb89d2000 	C:\Windows\System32\cfgmgr32.dll
0x000000005c7c0000 - 0x000000005c7cf000 	C:\Program Files\Java\jre1.8.0_111\bin\verify.dll
0x000000005b6f0000 - 0x000000005b719000 	C:\Program Files\Java\jre1.8.0_111\bin\java.dll
0x000000005c0d0000 - 0x000000005c0e6000 	C:\Program Files\Java\jre1.8.0_111\bin\zip.dll
0x00007ffdb9c10000 - 0x00007ffdbb119000 	C:\Windows\System32\SHELL32.dll
0x00007ffdb8b60000 - 0x00007ffdb9239000 	C:\Windows\System32\windows.storage.dll
0x00007ffdb8450000 - 0x00007ffdb849c000 	C:\Windows\System32\powrprof.dll
0x00007ffdb98a0000 - 0x00007ffdb98f2000 	C:\Windows\System32\shlwapi.dll
0x00007ffdb84a0000 - 0x00007ffdb84af000 	C:\Windows\System32\kernel.appcore.dll
0x00007ffdb8770000 - 0x00007ffdb8819000 	C:\Windows\System32\shcore.dll
0x00007ffdb84c0000 - 0x00007ffdb84d4000 	C:\Windows\System32\profapi.dll
0x000000005b430000 - 0x000000005b5c8000 	C:\Program Files\Java\jre1.8.0_111\bin\awt.dll
0x00007ffdbb280000 - 0x00007ffdbb33f000 	C:\Windows\System32\OLEAUT32.dll
0x00007ffdb8820000 - 0x00007ffdb88bc000 	C:\Windows\System32\msvcp_win.dll
0x00007ffdb69a0000 - 0x00007ffdb6a1a000 	C:\Windows\SYSTEM32\apphelp.dll
0x00007ffdb6c70000 - 0x00007ffdb6d05000 	C:\Windows\system32\uxtheme.dll
0x00007ffdbbcc0000 - 0x00007ffdbbe1a000 	C:\Windows\System32\MSCTF.dll
0x00007ffdb6170000 - 0x00007ffdb6196000 	C:\Windows\system32\dwmapi.dll
0x00007ffdbb120000 - 0x00007ffdbb258000 	C:\Windows\System32\ole32.dll
0x00007ffdb7ec0000 - 0x00007ffdb7ed7000 	C:\Windows\SYSTEM32\CRYPTSP.dll
0x00007ffdb7920000 - 0x00007ffdb7953000 	C:\Windows\system32\rsaenh.dll
0x00007ffdb8390000 - 0x00007ffdb83bb000 	C:\Windows\SYSTEM32\bcrypt.dll
0x00007ffdb7ba0000 - 0x00007ffdb7bbf000 	C:\Windows\SYSTEM32\USERENV.dll
0x00007ffdb7ee0000 - 0x00007ffdb7eeb000 	C:\Windows\SYSTEM32\CRYPTBASE.dll
0x000000005b6d0000 - 0x000000005b6ea000 	C:\Program Files\Java\jre1.8.0_111\bin\net.dll
0x00007ffdb7d20000 - 0x00007ffdb7d7c000 	C:\Windows\system32\mswsock.dll
0x00007ffdb7aa0000 - 0x00007ffdb7ad8000 	C:\Windows\SYSTEM32\IPHLPAPI.DLL
0x00007ffdbbb70000 - 0x00007ffdbbb78000 	C:\Windows\System32\NSI.dll
0x00007ffdb1e40000 - 0x00007ffdb1e56000 	C:\Windows\SYSTEM32\dhcpcsvc6.DLL
0x00007ffdb2140000 - 0x00007ffdb215a000 	C:\Windows\SYSTEM32\dhcpcsvc.DLL
0x000000005b6b0000 - 0x000000005b6c1000 	C:\Program Files\Java\jre1.8.0_111\bin\nio.dll
0x000000006d580000 - 0x000000006d63d000 	C:\Users\naordalal\AppData\Local\Temp\sqlite-3.8.11.2-c12be09a-303c-48a5-b11c-f3b6964d2675-sqlitejdbc.dll
0x000000005c0f0000 - 0x000000005c137000 	C:\Program Files\Java\jre1.8.0_111\bin\fontmanager.dll
0x000000005b3e0000 - 0x000000005b422000 	C:\Program Files\Java\jre1.8.0_111\bin\t2k.dll
0x00007ffdbb770000 - 0x00007ffdbb80f000 	C:\Windows\System32\clbcatq.dll
0x00007ffdb5f40000 - 0x00007ffdb60e8000 	C:\Windows\SYSTEM32\WindowsCodecs.dll
0x00007ffd95df0000 - 0x00007ffd95e39000 	C:\Windows\system32\dataexchange.dll
0x00007ffdb6610000 - 0x00007ffdb6761000 	C:\Windows\system32\dcomp.dll
0x00007ffdb59d0000 - 0x00007ffdb5c86000 	C:\Windows\system32\d3d11.dll
0x00007ffdb74f0000 - 0x00007ffdb758f000 	C:\Windows\system32\dxgi.dll
0x00007ffdb7010000 - 0x00007ffdb712c000 	C:\Windows\system32\twinapi.appcore.dll
0x000000005c150000 - 0x000000005c174000 	C:\Program Files\Java\jre1.8.0_111\bin\sunec.dll
0x00007ffda9010000 - 0x00007ffda91a2000 	C:\Windows\SYSTEM32\dbghelp.dll

VM Arguments:
jvm_args: -Dfile.encoding=UTF-8 
java_command: Frames.LoginFrame
java_class_path (initial): C:\Users\naordalal\git\MaterialAnalysis\MaterialAnalysis\target\classes;C:\Users\naordalal\git\MaterialAnalysis\MaterialAnalysis\resources\activation.jar;C:\Users\naordalal\git\MaterialAnalysis\MaterialAnalysis\resources\mail.jar;C:\Users\naordalal\.m2\repository\org\apache\poi\poi\3.11-beta2\poi-3.11-beta2.jar;C:\Users\naordalal\.m2\repository\commons-codec\commons-codec\1.9\commons-codec-1.9.jar;C:\Users\naordalal\.m2\repository\com\toedter\jcalendar\1.4\jcalendar-1.4.jar;C:\Users\naordalal\.m2\repository\org\apache\poi\poi-ooxml\3.11-beta2\poi-ooxml-3.11-beta2.jar;C:\Users\naordalal\.m2\repository\org\apache\poi\poi-ooxml-schemas\3.11-beta2\poi-ooxml-schemas-3.11-beta2.jar;C:\Users\naordalal\.m2\repository\org\apache\xmlbeans\xmlbeans\2.6.0\xmlbeans-2.6.0.jar;C:\Users\naordalal\.m2\repository\stax\stax-api\1.0.1\stax-api-1.0.1.jar;C:\Users\naordalal\.m2\repository\org\xerial\sqlite-jdbc\3.8.11.2\sqlite-jdbc-3.8.11.2.jar;C:\Users\naordalal\.m2\repository\org\apache\commons\commons-lang3\3.5\commons-lang3-3.5.jar;C:\Users\naordalal\.m2\repository\commons-io\commons-io\2.5\commons-io-2.5.jar;C:\Users\naordalal\.m2\repository\com\google\guava\guava\22.0\guava-22.0.jar;C:\Users\naordalal\.m2\repository\com\google\code\findbugs\jsr305\1.3.9\jsr305-1.3.9.jar;C:\Users\naordalal\.m2\repository\com\google\errorprone\error_prone_annotations\2.0.18\error_prone_annotations-2.0.18.jar;C:\Users\naordalal\.m2\repository\com\google\j2objc\j2objc-annotations\1.1\j2objc-annotations-1.1.jar;C:\Users\naordalal\.m2\repository\org\codehaus\mojo\animal-sniffer-annotations\1.14\animal-sniffer-annotations-1.14.jar;C:\Users\naordalal\.m2\repository\commons-collections\commons-collections\3.2.1\commons-collections-3.2.1.jar;C:\Users\naordalal\.m2\repository\com\seaglasslookandfeel\seaglasslookandfeel\0.2.1\seaglasslookandfeel-0.2.1.jar
Launcher Type: SUN_STANDARD

Environment Variables:
PATH=C:/Program Files/Java/jre1.8.0_111/bin/server;C:/Program Files/Java/jre1.8.0_111/bin;C:/Program Files/Java/jre1.8.0_111/lib/amd64;C:\ProgramData\Oracle\Java\javapath;C:\Windows\system32;C:\Windows;C:\Windows\System32\Wbem;C:\Windows\System32\WindowsPowerShell\v1.0\;C:\Program Files\Java\jdk1.8.0_111\bin;C:\Windows\system32\config\systemprofile\.dnx\bin;C:\Program Files\Microsoft DNX\Dnvm\;C:\Program Files\Microsoft SQL Server\130\Tools\Binn\;C:\Program Files (x86)\Microsoft SQL Server\130\Tools\Binn\;C:\Program Files (x86)\Microsoft SQL Server\130\DTS\Binn\;C:\Program Files\Microsoft SQL Server\130\DTS\Binn\;C:\Program Files\Microsoft SQL Server\Client SDK\ODBC\130\Tools\Binn\;C:\Program Files (x86)\Microsoft SQL Server\Client SDK\ODBC\130\Tools\Binn\;C:\Program Files (x86)\Microsoft SQL Server\130\Tools\Binn\ManagementStudio\;C:\Program Files (x86)\scala\bin;C:\Program Files\Git\cmd;C:\Program Files\Intel\WiFi\bin\;C:\Program Files\Common Files\Intel\WirelessCommon\;D:\BackUpNaorComputer\NaorComputer\Computers\MATLAB\MATLAB Production Server\R2015a\runtime\win64;D:\BackUpNaorComputer\NaorComputer\Computers\MATLAB\MATLAB Production Server\R2015a\bin;D:\BackUpNaorComputer\NaorComputer\Computers\MATLAB\MATLAB Production Server\R2015a\polyspace\bin;C:\Program Files\Microsoft\Web Platform Installer\;C:\Python27;C:\Program Files\nodejs;C:\Program Files\dotnet\;C:\Users\naordalal\AppData\Local\Programs\Python\Python35\Scripts\;C:\Users\naordalal\AppData\Local\Programs\Python\Python35\;C:\Users\naordalal\AppData\Local\Microsoft\WindowsApps;C:\Program Files\Java\jdk1.8.0_111\bin;C:\Program Files\Intel\WiFi\bin\;C:\Program Files\Common Files\Intel\WirelessCommon\;C:\Program Files\MongoDB\Server\3.4\bin;C:\Users\naordalal\AppData\Roaming\npm;C:\Users\naordalal\AppData\Local\Google\Cloud SDK\google-cloud-sdk\bin;C:\Program Files (x86)\Microsoft VS Code\bin;C:\Users\naordalal\Desktop;
USERNAME=naordalal
OS=Windows_NT
PROCESSOR_IDENTIFIER=Intel64 Family 6 Model 42 Stepping 7, GenuineIntel



---------------  S Y S T E M  ---------------

OS: Windows 10.0 , 64 bit Build 14393 (10.0.14393.2189)

CPU:total 8 (4 cores per cpu, 2 threads per core) family 6 model 42 stepping 7, cmov, cx8, fxsr, mmx, sse, sse2, sse3, ssse3, sse4.1, sse4.2, popcnt, avx, aes, clmul, ht, tsc, tscinvbit

Memory: 4k page, physical 4098092k(667452k free), swap 8816684k(2222084k free)

vm_info: Java HotSpot(TM) 64-Bit Server VM (25.111-b14) for windows-amd64 JRE (1.8.0_111-b14), built on Sep 22 2016 19:24:05 by "java_re" with MS VC++ 10.0 (VS2010)

time: Thu Jul 19 13:04:28 2018
elapsed time: 6 seconds (0d 0h 0m 6s)

